<?xml version="1.0" encoding="UTF-8"?>
<!-- Generated by org.testng.reporters.JUnitReportReporter -->
<testsuite name="com.MSDS_test.LoginTest" tests="5" time="6.914" ignored="0" failures="0" timestamp="06 Jun 2017 06:02:33 GMT" skipped="0" hostname="INFPU013458" errors="0">
  <testcase name="verifyLoginPage" time="1.222" classname="com.MSDS_test.LoginTest"/>
  <testcase name="enterBlankLoginDetails" time="0.296" classname="com.MSDS_test.LoginTest"/>
  <testcase name="verifyPageTitle" time="0.015" classname="com.MSDS_test.LoginTest"/>
  <testcase name="enter_CorrectLoginDetails" time="4.993" classname="com.MSDS_test.LoginTest"/>
  <testcase name="enter_WrongLoginDetails" time="0.388" classname="com.MSDS_test.LoginTest"/>
</testsuite> <!-- com.MSDS_test.LoginTest -->
